{"/home/jose/Documentos/projects/posts-app/api/src/app.ts": {"path":"/home/jose/Documentos/projects/posts-app/api/src/app.ts","statementMap":{"0":{"start":{"line":1,"column":0},"end":{"line":1,"column":33}},"1":{"start":{"line":2,"column":0},"end":{"line":2,"column":30}},"2":{"start":{"line":3,"column":0},"end":{"line":3,"column":24}},"3":{"start":{"line":4,"column":0},"end":{"line":4,"column":28}},"4":{"start":{"line":5,"column":0},"end":{"line":5,"column":39}},"5":{"start":{"line":6,"column":0},"end":{"line":6,"column":46}},"6":{"start":{"line":7,"column":0},"end":{"line":7,"column":46}},"7":{"start":{"line":8,"column":0},"end":{"line":8,"column":47}},"8":{"start":{"line":9,"column":0},"end":{"line":9,"column":61}},"9":{"start":{"line":10,"column":0},"end":{"line":10,"column":54}},"10":{"start":{"line":12,"column":0},"end":{"line":12,"column":16}},"11":{"start":{"line":14,"column":21},"end":{"line":14,"column":61}},"12":{"start":{"line":16,"column":0},"end":{"line":18,"column":null}},"13":{"start":{"line":17,"column":2},"end":{"line":17,"column":18}},"14":{"start":{"line":20,"column":12},"end":{"line":20,"column":21}},"15":{"start":{"line":23,"column":0},"end":{"line":23,"column":18}},"16":{"start":{"line":24,"column":0},"end":{"line":24,"column":16}},"17":{"start":{"line":25,"column":0},"end":{"line":25,"column":24}},"18":{"start":{"line":26,"column":0},"end":{"line":26,"column":49}},"19":{"start":{"line":29,"column":0},"end":{"line":29,"column":18}},"20":{"start":{"line":31,"column":0},"end":{"line":33,"column":3}},"21":{"start":{"line":32,"column":2},"end":{"line":32,"column":51}},"22":{"start":{"line":35,"column":0},"end":{"line":35,"column":35}},"23":{"start":{"line":36,"column":0},"end":{"line":36,"column":35}},"24":{"start":{"line":37,"column":0},"end":{"line":37,"column":35}},"25":{"start":{"line":39,"column":0},"end":{"line":39,"column":22}},"26":{"start":{"line":41,"column":0},"end":{"line":45,"column":3}},"27":{"start":{"line":42,"column":2},"end":{"line":42,"column":48}},"28":{"start":{"line":44,"column":2},"end":{"line":44,"column":12}}},"fnMap":{"0":{"name":"(anonymous_7)","decl":{"start":{"line":31,"column":13},"end":{"line":31,"column":14}},"loc":{"start":{"line":31,"column":26},"end":{"line":33,"column":1}}},"1":{"name":"(anonymous_8)","decl":{"start":{"line":41,"column":25},"end":{"line":41,"column":28}},"loc":{"start":{"line":41,"column":30},"end":{"line":45,"column":1}}}},"branchMap":{"0":{"loc":{"start":{"line":16,"column":0},"end":{"line":18,"column":null}},"type":"if","locations":[{"start":{"line":16,"column":0},"end":{"line":18,"column":null}}]},"1":{"loc":{"start":{"line":41,"column":11},"end":{"line":41,"column":23}},"type":"binary-expr","locations":[{"start":{"line":41,"column":11},"end":{"line":41,"column":15}},{"start":{"line":41,"column":19},"end":{"line":41,"column":23}}]}},"s":{"0":0,"1":0,"2":0,"3":0,"4":0,"5":0,"6":0,"7":0,"8":0,"9":0,"10":0,"11":0,"12":0,"13":0,"14":0,"15":0,"16":0,"17":0,"18":0,"19":0,"20":0,"21":0,"22":0,"23":0,"24":0,"25":0,"26":0,"27":0,"28":0},"f":{"0":0,"1":0},"b":{"0":[0],"1":[0,0]}}
,"/home/jose/Documentos/projects/posts-app/api/src/test1.ts": {"path":"/home/jose/Documentos/projects/posts-app/api/src/test1.ts","statementMap":{"0":{"start":{"line":2,"column":4},"end":{"line":2,"column":24}},"1":{"start":{"line":5,"column":0},"end":{"line":5,"column":39}}},"fnMap":{"0":{"name":"sayHello","decl":{"start":{"line":1,"column":9},"end":{"line":1,"column":17}},"loc":{"start":{"line":1,"column":33},"end":{"line":3,"column":1}}}},"branchMap":{},"s":{"0":0,"1":0},"f":{"0":0},"b":{}}
,"/home/jose/Documentos/projects/posts-app/api/src/controllers/loginController.ts": {"path":"/home/jose/Documentos/projects/posts-app/api/src/controllers/loginController.ts","statementMap":{"0":{"start":{"line":2,"column":0},"end":{"line":2,"column":28}},"1":{"start":{"line":3,"column":0},"end":{"line":3,"column":31}},"2":{"start":{"line":4,"column":0},"end":{"line":4,"column":58}},"3":{"start":{"line":5,"column":0},"end":{"line":5,"column":58}},"4":{"start":{"line":12,"column":2},"end":{"line":43,"column":null}},"5":{"start":{"line":13,"column":21},"end":{"line":13,"column":24}},"6":{"start":{"line":15,"column":35},"end":{"line":15,"column":39}},"7":{"start":{"line":16,"column":17},"end":{"line":16,"column":47}},"8":{"start":{"line":19,"column":6},"end":{"line":19,"column":79}},"9":{"start":{"line":21,"column":4},"end":{"line":23,"column":null}},"10":{"start":{"line":22,"column":6},"end":{"line":22,"column":51}},"11":{"start":{"line":25,"column":25},"end":{"line":28,"column":6}},"12":{"start":{"line":30,"column":18},"end":{"line":32,"column":6}},"13":{"start":{"line":34,"column":4},"end":{"line":40,"column":7}},"14":{"start":{"line":42,"column":4},"end":{"line":42,"column":49}},"15":{"start":{"line":7,"column":0},"end":{"line":7,"column":22}}},"fnMap":{"0":{"name":"loginController","decl":{"start":{"line":7,"column":22},"end":{"line":7,"column":37}},"loc":{"start":{"line":10,"column":20},"end":{"line":44,"column":null}}}},"branchMap":{"0":{"loc":{"start":{"line":19,"column":6},"end":{"line":19,"column":79}},"type":"cond-expr","locations":[{"start":{"line":19,"column":22},"end":{"line":19,"column":27}},{"start":{"line":19,"column":30},"end":{"line":19,"column":79}}]},"1":{"loc":{"start":{"line":21,"column":4},"end":{"line":23,"column":null}},"type":"if","locations":[{"start":{"line":21,"column":4},"end":{"line":23,"column":null}}]},"2":{"loc":{"start":{"line":21,"column":8},"end":{"line":21,"column":33}},"type":"binary-expr","locations":[{"start":{"line":21,"column":8},"end":{"line":21,"column":13}},{"start":{"line":21,"column":17},"end":{"line":21,"column":33}}]}},"s":{"0":0,"1":0,"2":0,"3":0,"4":0,"5":0,"6":0,"7":0,"8":0,"9":0,"10":0,"11":0,"12":0,"13":0,"14":0,"15":0},"f":{"0":0},"b":{"0":[0,0],"1":[0],"2":[0,0]}}
,"/home/jose/Documentos/projects/posts-app/api/src/controllers/postController.ts": {"path":"/home/jose/Documentos/projects/posts-app/api/src/controllers/postController.ts","statementMap":{"0":{"start":{"line":3,"column":0},"end":{"line":3,"column":45}},"1":{"start":{"line":4,"column":0},"end":{"line":4,"column":45}},"2":{"start":{"line":5,"column":0},"end":{"line":5,"column":35}},"3":{"start":{"line":7,"column":0},"end":{"line":7,"column":null}},"4":{"start":{"line":15,"column":0},"end":{"line":15,"column":58}},"5":{"start":{"line":22,"column":2},"end":{"line":29,"column":null}},"6":{"start":{"line":23,"column":23},"end":{"line":23,"column":26}},"7":{"start":{"line":24,"column":18},"end":{"line":24,"column":47}},"8":{"start":{"line":25,"column":4},"end":{"line":25,"column":23}},"9":{"start":{"line":26,"column":4},"end":{"line":26,"column":20}},"10":{"start":{"line":28,"column":4},"end":{"line":28,"column":16}},"11":{"start":{"line":17,"column":0},"end":{"line":17,"column":22}},"12":{"start":{"line":37,"column":2},"end":{"line":44,"column":null}},"13":{"start":{"line":38,"column":19},"end":{"line":38,"column":29}},"14":{"start":{"line":39,"column":17},"end":{"line":39,"column":55}},"15":{"start":{"line":40,"column":4},"end":{"line":40,"column":22}},"16":{"start":{"line":41,"column":4},"end":{"line":41,"column":19}},"17":{"start":{"line":43,"column":4},"end":{"line":43,"column":16}},"18":{"start":{"line":32,"column":0},"end":{"line":32,"column":22}},"19":{"start":{"line":52,"column":2},"end":{"line":79,"column":null}},"20":{"start":{"line":53,"column":23},"end":{"line":53,"column":26}},"21":{"start":{"line":54,"column":4},"end":{"line":54,"column":28}},"22":{"start":{"line":56,"column":33},"end":{"line":56,"column":41}},"23":{"start":{"line":58,"column":17},"end":{"line":58,"column":44}},"24":{"start":{"line":60,"column":4},"end":{"line":62,"column":null}},"25":{"start":{"line":61,"column":6},"end":{"line":61,"column":47}},"26":{"start":{"line":64,"column":27},"end":{"line":68,"column":6}},"27":{"start":{"line":70,"column":21},"end":{"line":70,"column":53}},"28":{"start":{"line":72,"column":4},"end":{"line":72,"column":49}},"29":{"start":{"line":73,"column":4},"end":{"line":73,"column":22}},"30":{"start":{"line":75,"column":4},"end":{"line":75,"column":23}},"31":{"start":{"line":77,"column":4},"end":{"line":77,"column":23}},"32":{"start":{"line":78,"column":4},"end":{"line":78,"column":16}},"33":{"start":{"line":47,"column":0},"end":{"line":47,"column":22}},"34":{"start":{"line":87,"column":2},"end":{"line":93,"column":null}},"35":{"start":{"line":88,"column":19},"end":{"line":88,"column":29}},"36":{"start":{"line":89,"column":17},"end":{"line":89,"column":68}},"37":{"start":{"line":90,"column":4},"end":{"line":90,"column":19}},"38":{"start":{"line":92,"column":4},"end":{"line":92,"column":16}},"39":{"start":{"line":82,"column":0},"end":{"line":82,"column":22}},"40":{"start":{"line":101,"column":2},"end":{"line":116,"column":null}},"41":{"start":{"line":102,"column":23},"end":{"line":102,"column":26}},"42":{"start":{"line":103,"column":19},"end":{"line":103,"column":29}},"43":{"start":{"line":105,"column":17},"end":{"line":105,"column":54}},"44":{"start":{"line":107,"column":4},"end":{"line":107,"column":46}},"45":{"start":{"line":109,"column":4},"end":{"line":109,"column":71}},"46":{"start":{"line":109,"column":43},"end":{"line":109,"column":69}},"47":{"start":{"line":111,"column":4},"end":{"line":111,"column":22}},"48":{"start":{"line":113,"column":4},"end":{"line":113,"column":26}},"49":{"start":{"line":115,"column":4},"end":{"line":115,"column":16}},"50":{"start":{"line":96,"column":0},"end":{"line":96,"column":22}}},"fnMap":{"0":{"name":"getPostsController","decl":{"start":{"line":17,"column":22},"end":{"line":17,"column":40}},"loc":{"start":{"line":20,"column":20},"end":{"line":30,"column":null}}},"1":{"name":"getPostController","decl":{"start":{"line":32,"column":22},"end":{"line":32,"column":39}},"loc":{"start":{"line":35,"column":20},"end":{"line":45,"column":null}}},"2":{"name":"createPostController","decl":{"start":{"line":47,"column":22},"end":{"line":47,"column":42}},"loc":{"start":{"line":50,"column":20},"end":{"line":80,"column":null}}},"3":{"name":"updatePostController","decl":{"start":{"line":82,"column":22},"end":{"line":82,"column":42}},"loc":{"start":{"line":85,"column":20},"end":{"line":94,"column":null}}},"4":{"name":"deletePostController","decl":{"start":{"line":96,"column":22},"end":{"line":96,"column":42}},"loc":{"start":{"line":99,"column":20},"end":{"line":117,"column":null}}},"5":{"name":"(anonymous_18)","decl":{"start":{"line":109,"column":35},"end":{"line":109,"column":39}},"loc":{"start":{"line":109,"column":43},"end":{"line":109,"column":69}}}},"branchMap":{"0":{"loc":{"start":{"line":60,"column":4},"end":{"line":62,"column":null}},"type":"if","locations":[{"start":{"line":60,"column":4},"end":{"line":62,"column":null}}]}},"s":{"0":0,"1":0,"2":0,"3":0,"4":0,"5":0,"6":0,"7":0,"8":0,"9":0,"10":0,"11":0,"12":0,"13":0,"14":0,"15":0,"16":0,"17":0,"18":0,"19":0,"20":0,"21":0,"22":0,"23":0,"24":0,"25":0,"26":0,"27":0,"28":0,"29":0,"30":0,"31":0,"32":0,"33":0,"34":0,"35":0,"36":0,"37":0,"38":0,"39":0,"40":0,"41":0,"42":0,"43":0,"44":0,"45":0,"46":0,"47":0,"48":0,"49":0,"50":0},"f":{"0":0,"1":0,"2":0,"3":0,"4":0,"5":0},"b":{"0":[0]}}
,"/home/jose/Documentos/projects/posts-app/api/src/controllers/userController.ts": {"path":"/home/jose/Documentos/projects/posts-app/api/src/controllers/userController.ts","statementMap":{"0":{"start":{"line":2,"column":0},"end":{"line":2,"column":45}},"1":{"start":{"line":3,"column":0},"end":{"line":3,"column":35}},"2":{"start":{"line":4,"column":0},"end":{"line":4,"column":28}},"3":{"start":{"line":6,"column":0},"end":{"line":6,"column":null}},"4":{"start":{"line":14,"column":0},"end":{"line":14,"column":58}},"5":{"start":{"line":21,"column":2},"end":{"line":27,"column":null}},"6":{"start":{"line":22,"column":18},"end":{"line":22,"column":41}},"7":{"start":{"line":23,"column":4},"end":{"line":23,"column":23}},"8":{"start":{"line":24,"column":4},"end":{"line":24,"column":20}},"9":{"start":{"line":26,"column":4},"end":{"line":26,"column":16}},"10":{"start":{"line":16,"column":0},"end":{"line":16,"column":22}},"11":{"start":{"line":35,"column":2},"end":{"line":42,"column":null}},"12":{"start":{"line":36,"column":19},"end":{"line":36,"column":29}},"13":{"start":{"line":37,"column":17},"end":{"line":37,"column":55}},"14":{"start":{"line":38,"column":4},"end":{"line":38,"column":26}},"15":{"start":{"line":39,"column":4},"end":{"line":39,"column":19}},"16":{"start":{"line":41,"column":4},"end":{"line":41,"column":16}},"17":{"start":{"line":30,"column":0},"end":{"line":30,"column":22}},"18":{"start":{"line":50,"column":2},"end":{"line":71,"column":null}},"19":{"start":{"line":51,"column":4},"end":{"line":51,"column":26}},"20":{"start":{"line":52,"column":54},"end":{"line":52,"column":62}},"21":{"start":{"line":54,"column":4},"end":{"line":56,"column":null}},"22":{"start":{"line":55,"column":6},"end":{"line":55,"column":47}},"23":{"start":{"line":58,"column":23},"end":{"line":58,"column":25}},"24":{"start":{"line":59,"column":25},"end":{"line":59,"column":64}},"25":{"start":{"line":60,"column":27},"end":{"line":66,"column":6}},"26":{"start":{"line":67,"column":21},"end":{"line":67,"column":53}},"27":{"start":{"line":68,"column":4},"end":{"line":68,"column":23}},"28":{"start":{"line":70,"column":4},"end":{"line":70,"column":16}},"29":{"start":{"line":45,"column":0},"end":{"line":45,"column":22}},"30":{"start":{"line":79,"column":2},"end":{"line":92,"column":null}},"31":{"start":{"line":80,"column":19},"end":{"line":80,"column":29}},"32":{"start":{"line":81,"column":38},"end":{"line":81,"column":46}},"33":{"start":{"line":82,"column":4},"end":{"line":84,"column":null}},"34":{"start":{"line":83,"column":6},"end":{"line":83,"column":47}},"35":{"start":{"line":85,"column":17},"end":{"line":85,"column":68}},"36":{"start":{"line":89,"column":4},"end":{"line":89,"column":19}},"37":{"start":{"line":91,"column":4},"end":{"line":91,"column":16}},"38":{"start":{"line":74,"column":0},"end":{"line":74,"column":22}},"39":{"start":{"line":100,"column":2},"end":{"line":110,"column":null}},"40":{"start":{"line":101,"column":19},"end":{"line":101,"column":29}},"41":{"start":{"line":102,"column":17},"end":{"line":102,"column":58}},"42":{"start":{"line":103,"column":4},"end":{"line":103,"column":22}},"43":{"start":{"line":107,"column":4},"end":{"line":107,"column":26}},"44":{"start":{"line":109,"column":4},"end":{"line":109,"column":16}},"45":{"start":{"line":95,"column":0},"end":{"line":95,"column":22}}},"fnMap":{"0":{"name":"getUsersController","decl":{"start":{"line":16,"column":22},"end":{"line":16,"column":40}},"loc":{"start":{"line":19,"column":20},"end":{"line":28,"column":null}}},"1":{"name":"getUserController","decl":{"start":{"line":30,"column":22},"end":{"line":30,"column":39}},"loc":{"start":{"line":33,"column":20},"end":{"line":43,"column":null}}},"2":{"name":"createUserController","decl":{"start":{"line":45,"column":22},"end":{"line":45,"column":42}},"loc":{"start":{"line":48,"column":20},"end":{"line":72,"column":null}}},"3":{"name":"updateUserController","decl":{"start":{"line":74,"column":22},"end":{"line":74,"column":42}},"loc":{"start":{"line":77,"column":20},"end":{"line":93,"column":null}}},"4":{"name":"deleteUserController","decl":{"start":{"line":95,"column":22},"end":{"line":95,"column":42}},"loc":{"start":{"line":98,"column":20},"end":{"line":111,"column":null}}}},"branchMap":{"0":{"loc":{"start":{"line":54,"column":4},"end":{"line":56,"column":null}},"type":"if","locations":[{"start":{"line":54,"column":4},"end":{"line":56,"column":null}}]},"1":{"loc":{"start":{"line":54,"column":7},"end":{"line":54,"column":57}},"type":"binary-expr","locations":[{"start":{"line":54,"column":7},"end":{"line":54,"column":12}},{"start":{"line":54,"column":16},"end":{"line":54,"column":25}},{"start":{"line":54,"column":29},"end":{"line":54,"column":35}},{"start":{"line":54,"column":39},"end":{"line":54,"column":48}},{"start":{"line":54,"column":52},"end":{"line":54,"column":57}}]},"2":{"loc":{"start":{"line":82,"column":4},"end":{"line":84,"column":null}},"type":"if","locations":[{"start":{"line":82,"column":4},"end":{"line":84,"column":null}}]},"3":{"loc":{"start":{"line":82,"column":8},"end":{"line":82,"column":36}},"type":"binary-expr","locations":[{"start":{"line":82,"column":8},"end":{"line":82,"column":13}},{"start":{"line":82,"column":17},"end":{"line":82,"column":26}},{"start":{"line":82,"column":30},"end":{"line":82,"column":36}}]}},"s":{"0":0,"1":0,"2":0,"3":0,"4":0,"5":0,"6":0,"7":0,"8":0,"9":0,"10":0,"11":0,"12":0,"13":0,"14":0,"15":0,"16":0,"17":0,"18":0,"19":0,"20":0,"21":0,"22":0,"23":0,"24":0,"25":0,"26":0,"27":0,"28":0,"29":0,"30":0,"31":0,"32":0,"33":0,"34":0,"35":0,"36":0,"37":0,"38":0,"39":0,"40":0,"41":0,"42":0,"43":0,"44":0,"45":0},"f":{"0":0,"1":0,"2":0,"3":0,"4":0},"b":{"0":[0],"1":[0,0,0,0,0],"2":[0],"3":[0,0,0]}}
,"/home/jose/Documentos/projects/posts-app/api/src/db/connect.ts": {"path":"/home/jose/Documentos/projects/posts-app/api/src/db/connect.ts","statementMap":{"0":{"start":{"line":1,"column":0},"end":{"line":1,"column":32}},"1":{"start":{"line":3,"column":16},"end":{"line":7,"column":2}},"2":{"start":{"line":10,"column":23},"end":{"line":15,"column":1}},"3":{"start":{"line":11,"column":2},"end":{"line":14,"column":38}},"4":{"start":{"line":13,"column":16},"end":{"line":13,"column":50}},"5":{"start":{"line":14,"column":20},"end":{"line":14,"column":36}},"6":{"start":{"line":10,"column":13},"end":{"line":10,"column":23}},"7":{"start":{"line":17,"column":0},"end":{"line":20,"column":3}},"8":{"start":{"line":18,"column":4},"end":{"line":18,"column":null}},"9":{"start":{"line":19,"column":4},"end":{"line":19,"column":26}}},"fnMap":{"0":{"name":"(anonymous_1)","decl":{"start":{"line":10,"column":23},"end":{"line":10,"column":26}},"loc":{"start":{"line":10,"column":28},"end":{"line":15,"column":1}}},"1":{"name":"(anonymous_2)","decl":{"start":{"line":13,"column":10},"end":{"line":13,"column":13}},"loc":{"start":{"line":13,"column":16},"end":{"line":13,"column":50}}},"2":{"name":"(anonymous_3)","decl":{"start":{"line":14,"column":11},"end":{"line":14,"column":12}},"loc":{"start":{"line":14,"column":20},"end":{"line":14,"column":36}}},"3":{"name":"(anonymous_4)","decl":{"start":{"line":17,"column":32},"end":{"line":17,"column":37}},"loc":{"start":{"line":17,"column":40},"end":{"line":20,"column":1}}}},"branchMap":{},"s":{"0":0,"1":0,"2":0,"3":0,"4":0,"5":0,"6":0,"7":0,"8":0,"9":0},"f":{"0":0,"1":0,"2":0,"3":0},"b":{}}
,"/home/jose/Documentos/projects/posts-app/api/src/error-handler/error-handler.ts": {"path":"/home/jose/Documentos/projects/posts-app/api/src/error-handler/error-handler.ts","statementMap":{"0":{"start":{"line":2,"column":0},"end":{"line":2,"column":43}},"1":{"start":{"line":4,"column":28},"end":{"line":16,"column":1}},"2":{"start":{"line":5,"column":2},"end":{"line":5,"column":51}},"3":{"start":{"line":6,"column":2},"end":{"line":6,"column":33}},"4":{"start":{"line":7,"column":2},"end":{"line":7,"column":39}},"5":{"start":{"line":8,"column":2},"end":{"line":15,"column":null}},"6":{"start":{"line":9,"column":4},"end":{"line":9,"column":35}},"7":{"start":{"line":10,"column":4},"end":{"line":10,"column":23}},"8":{"start":{"line":11,"column":4},"end":{"line":11,"column":45}},"9":{"start":{"line":14,"column":4},"end":{"line":14,"column":62}},"10":{"start":{"line":4,"column":13},"end":{"line":4,"column":28}}},"fnMap":{"0":{"name":"(anonymous_0)","decl":{"start":{"line":4,"column":28},"end":{"line":4,"column":29}},"loc":{"start":{"line":4,"column":92},"end":{"line":16,"column":1}}}},"branchMap":{"0":{"loc":{"start":{"line":8,"column":2},"end":{"line":15,"column":null}},"type":"if","locations":[{"start":{"line":8,"column":2},"end":{"line":15,"column":null}},{"start":{"line":12,"column":9},"end":{"line":15,"column":null}}]}},"s":{"0":0,"1":0,"2":0,"3":0,"4":0,"5":0,"6":0,"7":0,"8":0,"9":0,"10":0},"f":{"0":0},"b":{"0":[0,0]}}
,"/home/jose/Documentos/projects/posts-app/api/src/error-handler/error-model.ts": {"path":"/home/jose/Documentos/projects/posts-app/api/src/error-handler/error-model.ts","statementMap":{"0":{"start":{"line":4,"column":4},"end":{"line":4,"column":19}},"1":{"start":{"line":5,"column":4},"end":{"line":5,"column":25}},"2":{"start":{"line":1,"column":0},"end":{"line":1,"column":13}}},"fnMap":{"0":{"name":"(anonymous_0)","decl":{"start":{"line":3,"column":2},"end":{"line":3,"column":14}},"loc":{"start":{"line":3,"column":45},"end":{"line":6,"column":3}}}},"branchMap":{},"s":{"0":0,"1":0,"2":0},"f":{"0":0},"b":{}}
,"/home/jose/Documentos/projects/posts-app/api/src/middlewares/handleErrors.ts": {"path":"/home/jose/Documentos/projects/posts-app/api/src/middlewares/handleErrors.ts","statementMap":{"0":{"start":{"line":1,"column":21},"end":{"line":21,"column":1}},"1":{"start":{"line":2,"column":2},"end":{"line":2,"column":51}},"2":{"start":{"line":3,"column":2},"end":{"line":3,"column":33}},"3":{"start":{"line":5,"column":22},"end":{"line":5,"column":27}},"4":{"start":{"line":7,"column":2},"end":{"line":20,"column":null}},"5":{"start":{"line":8,"column":4},"end":{"line":10,"column":7}},"6":{"start":{"line":11,"column":9},"end":{"line":20,"column":null}},"7":{"start":{"line":15,"column":4},"end":{"line":17,"column":7}},"8":{"start":{"line":19,"column":4},"end":{"line":19,"column":26}},"9":{"start":{"line":23,"column":0},"end":{"line":23,"column":28}}},"fnMap":{"0":{"name":"(anonymous_0)","decl":{"start":{"line":1,"column":21},"end":{"line":1,"column":22}},"loc":{"start":{"line":1,"column":51},"end":{"line":21,"column":1}}}},"branchMap":{"0":{"loc":{"start":{"line":7,"column":2},"end":{"line":20,"column":null}},"type":"if","locations":[{"start":{"line":7,"column":2},"end":{"line":20,"column":null}},{"start":{"line":11,"column":9},"end":{"line":20,"column":null}}]},"1":{"loc":{"start":{"line":11,"column":9},"end":{"line":20,"column":null}},"type":"if","locations":[{"start":{"line":11,"column":9},"end":{"line":20,"column":null}},{"start":{"line":18,"column":9},"end":{"line":20,"column":null}}]}},"s":{"0":0,"1":0,"2":0,"3":0,"4":0,"5":0,"6":0,"7":0,"8":0,"9":0},"f":{"0":0},"b":{"0":[0,0],"1":[0,0]}}
,"/home/jose/Documentos/projects/posts-app/api/src/middlewares/userExtractor.ts": {"path":"/home/jose/Documentos/projects/posts-app/api/src/middlewares/userExtractor.ts","statementMap":{"0":{"start":{"line":1,"column":0},"end":{"line":1,"column":31}},"1":{"start":{"line":8,"column":0},"end":{"line":35,"column":null}},"2":{"start":{"line":9,"column":26},"end":{"line":9,"column":54}},"3":{"start":{"line":10,"column":4},"end":{"line":10,"column":33}},"4":{"start":{"line":12,"column":16},"end":{"line":12,"column":18}},"5":{"start":{"line":14,"column":4},"end":{"line":16,"column":null}},"6":{"start":{"line":15,"column":8},"end":{"line":15,"column":null}},"7":{"start":{"line":20,"column":4},"end":{"line":24,"column":null}},"8":{"start":{"line":21,"column":8},"end":{"line":21,"column":61}},"9":{"start":{"line":23,"column":8},"end":{"line":23,"column":29}},"10":{"start":{"line":26,"column":4},"end":{"line":28,"column":null}},"11":{"start":{"line":27,"column":8},"end":{"line":27,"column":79}},"12":{"start":{"line":30,"column":26},"end":{"line":30,"column":38}},"13":{"start":{"line":32,"column":4},"end":{"line":32,"column":28}},"14":{"start":{"line":34,"column":4},"end":{"line":34,"column":11}}},"fnMap":{"0":{"name":"(anonymous_1)","decl":{"start":{"line":8,"column":17},"end":{"line":8,"column":18}},"loc":{"start":{"line":8,"column":82},"end":{"line":35,"column":1}}}},"branchMap":{"0":{"loc":{"start":{"line":14,"column":4},"end":{"line":16,"column":null}},"type":"if","locations":[{"start":{"line":14,"column":4},"end":{"line":16,"column":null}}]},"1":{"loc":{"start":{"line":14,"column":8},"end":{"line":14,"column":73}},"type":"binary-expr","locations":[{"start":{"line":14,"column":8},"end":{"line":14,"column":21}},{"start":{"line":14,"column":25},"end":{"line":14,"column":73}}]},"2":{"loc":{"start":{"line":26,"column":4},"end":{"line":28,"column":null}},"type":"if","locations":[{"start":{"line":26,"column":4},"end":{"line":28,"column":null}}]},"3":{"loc":{"start":{"line":26,"column":8},"end":{"line":26,"column":31}},"type":"binary-expr","locations":[{"start":{"line":26,"column":8},"end":{"line":26,"column":14}},{"start":{"line":26,"column":18},"end":{"line":26,"column":31}}]}},"s":{"0":0,"1":0,"2":0,"3":0,"4":0,"5":0,"6":0,"7":0,"8":0,"9":0,"10":0,"11":0,"12":0,"13":0,"14":0},"f":{"0":0},"b":{"0":[0],"1":[0,0],"2":[0],"3":[0,0]}}
,"/home/jose/Documentos/projects/posts-app/api/src/models/Post.ts": {"path":"/home/jose/Documentos/projects/posts-app/api/src/models/Post.ts","statementMap":{"0":{"start":{"line":1,"column":0},"end":{"line":1,"column":51}},"1":{"start":{"line":8,"column":19},"end":{"line":15,"column":2}},"2":{"start":{"line":17,"column":0},"end":{"line":23,"column":3}},"3":{"start":{"line":19,"column":4},"end":{"line":19,"column":43}},"4":{"start":{"line":20,"column":4},"end":{"line":20,"column":30}},"5":{"start":{"line":21,"column":4},"end":{"line":21,"column":30}},"6":{"start":{"line":25,"column":0},"end":{"line":25,"column":48}}},"fnMap":{"0":{"name":"(anonymous_0)","decl":{"start":{"line":18,"column":13},"end":{"line":18,"column":14}},"loc":{"start":{"line":18,"column":42},"end":{"line":22,"column":3}}}},"branchMap":{},"s":{"0":0,"1":0,"2":0,"3":0,"4":0,"5":0,"6":0},"f":{"0":0},"b":{}}
,"/home/jose/Documentos/projects/posts-app/api/src/models/User.ts": {"path":"/home/jose/Documentos/projects/posts-app/api/src/models/User.ts","statementMap":{"0":{"start":{"line":1,"column":0},"end":{"line":1,"column":51}},"1":{"start":{"line":13,"column":19},"end":{"line":23,"column":2}},"2":{"start":{"line":25,"column":0},"end":{"line":32,"column":3}},"3":{"start":{"line":27,"column":8},"end":{"line":27,"column":null}},"4":{"start":{"line":28,"column":8},"end":{"line":28,"column":null}},"5":{"start":{"line":29,"column":8},"end":{"line":29,"column":null}},"6":{"start":{"line":30,"column":8},"end":{"line":30,"column":null}},"7":{"start":{"line":36,"column":0},"end":{"line":36,"column":48}}},"fnMap":{"0":{"name":"(anonymous_0)","decl":{"start":{"line":26,"column":15},"end":{"line":26,"column":16}},"loc":{"start":{"line":26,"column":44},"end":{"line":31,"column":5}}}},"branchMap":{},"s":{"0":0,"1":0,"2":0,"3":0,"4":0,"5":0,"6":0,"7":0},"f":{"0":0},"b":{}}
,"/home/jose/Documentos/projects/posts-app/api/src/routes/loginRoutes.ts": {"path":"/home/jose/Documentos/projects/posts-app/api/src/routes/loginRoutes.ts","statementMap":{"0":{"start":{"line":1,"column":0},"end":{"line":1,"column":33}},"1":{"start":{"line":3,"column":0},"end":{"line":3,"column":65}},"2":{"start":{"line":5,"column":20},"end":{"line":5,"column":28}},"3":{"start":{"line":7,"column":0},"end":{"line":7,"column":39}},"4":{"start":{"line":9,"column":0},"end":{"line":9,"column":27}}},"fnMap":{},"branchMap":{},"s":{"0":0,"1":0,"2":0,"3":0,"4":0},"f":{},"b":{}}
,"/home/jose/Documentos/projects/posts-app/api/src/routes/postRoutes.ts": {"path":"/home/jose/Documentos/projects/posts-app/api/src/routes/postRoutes.ts","statementMap":{"0":{"start":{"line":1,"column":0},"end":{"line":1,"column":33}},"1":{"start":{"line":3,"column":0},"end":{"line":3,"column":null}},"2":{"start":{"line":11,"column":22},"end":{"line":11,"column":61}},"3":{"start":{"line":13,"column":20},"end":{"line":13,"column":28}},"4":{"start":{"line":15,"column":0},"end":{"line":15,"column":56}},"5":{"start":{"line":16,"column":0},"end":{"line":16,"column":58}},"6":{"start":{"line":17,"column":0},"end":{"line":17,"column":59}},"7":{"start":{"line":18,"column":0},"end":{"line":18,"column":61}},"8":{"start":{"line":19,"column":0},"end":{"line":19,"column":null}},"9":{"start":{"line":21,"column":0},"end":{"line":21,"column":27}}},"fnMap":{},"branchMap":{},"s":{"0":0,"1":0,"2":0,"3":0,"4":0,"5":0,"6":0,"7":0,"8":0,"9":0},"f":{},"b":{}}
,"/home/jose/Documentos/projects/posts-app/api/src/routes/userRoutes.ts": {"path":"/home/jose/Documentos/projects/posts-app/api/src/routes/userRoutes.ts","statementMap":{"0":{"start":{"line":1,"column":0},"end":{"line":1,"column":33}},"1":{"start":{"line":3,"column":0},"end":{"line":3,"column":null}},"2":{"start":{"line":11,"column":20},"end":{"line":11,"column":28}},"3":{"start":{"line":13,"column":0},"end":{"line":13,"column":41}},"4":{"start":{"line":14,"column":0},"end":{"line":14,"column":43}},"5":{"start":{"line":15,"column":0},"end":{"line":15,"column":44}},"6":{"start":{"line":16,"column":0},"end":{"line":16,"column":46}},"7":{"start":{"line":17,"column":0},"end":{"line":17,"column":49}},"8":{"start":{"line":19,"column":0},"end":{"line":19,"column":27}}},"fnMap":{},"branchMap":{},"s":{"0":0,"1":0,"2":0,"3":0,"4":0,"5":0,"6":0,"7":0,"8":0},"f":{},"b":{}}
,"/home/jose/Documentos/projects/posts-app/api/src/services/loginService.ts": {"path":"/home/jose/Documentos/projects/posts-app/api/src/services/loginService.ts","statementMap":{"0":{"start":{"line":1,"column":0},"end":{"line":1,"column":45}},"1":{"start":{"line":4,"column":4},"end":{"line":8,"column":null}},"2":{"start":{"line":5,"column":6},"end":{"line":5,"column":46}},"3":{"start":{"line":7,"column":6},"end":{"line":7,"column":25}},"4":{"start":{"line":3,"column":0},"end":{"line":3,"column":22}}},"fnMap":{"0":{"name":"getUserService","decl":{"start":{"line":3,"column":22},"end":{"line":3,"column":36}},"loc":{"start":{"line":3,"column":53},"end":{"line":9,"column":null}}}},"branchMap":{},"s":{"0":0,"1":0,"2":0,"3":0,"4":0},"f":{"0":0},"b":{}}
,"/home/jose/Documentos/projects/posts-app/api/src/services/postService.ts": {"path":"/home/jose/Documentos/projects/posts-app/api/src/services/postService.ts","statementMap":{"0":{"start":{"line":1,"column":0},"end":{"line":1,"column":45}},"1":{"start":{"line":5,"column":2},"end":{"line":12,"column":null}},"2":{"start":{"line":6,"column":4},"end":{"line":9,"column":7}},"3":{"start":{"line":11,"column":4},"end":{"line":11,"column":23}},"4":{"start":{"line":4,"column":0},"end":{"line":4,"column":22}},"5":{"start":{"line":16,"column":2},"end":{"line":20,"column":null}},"6":{"start":{"line":17,"column":4},"end":{"line":17,"column":35}},"7":{"start":{"line":19,"column":4},"end":{"line":19,"column":23}},"8":{"start":{"line":15,"column":0},"end":{"line":15,"column":22}},"9":{"start":{"line":24,"column":2},"end":{"line":29,"column":null}},"10":{"start":{"line":25,"column":22},"end":{"line":25,"column":39}},"11":{"start":{"line":26,"column":4},"end":{"line":26,"column":21}},"12":{"start":{"line":28,"column":4},"end":{"line":28,"column":23}},"13":{"start":{"line":23,"column":0},"end":{"line":23,"column":22}},"14":{"start":{"line":33,"column":2},"end":{"line":39,"column":null}},"15":{"start":{"line":34,"column":21},"end":{"line":34,"column":74}},"16":{"start":{"line":35,"column":4},"end":{"line":35,"column":20}},"17":{"start":{"line":37,"column":4},"end":{"line":37,"column":23}},"18":{"start":{"line":38,"column":4},"end":{"line":38,"column":23}},"19":{"start":{"line":32,"column":0},"end":{"line":32,"column":22}},"20":{"start":{"line":43,"column":2},"end":{"line":47,"column":null}},"21":{"start":{"line":44,"column":4},"end":{"line":44,"column":44}},"22":{"start":{"line":46,"column":4},"end":{"line":46,"column":23}},"23":{"start":{"line":42,"column":0},"end":{"line":42,"column":22}}},"fnMap":{"0":{"name":"getPostsService","decl":{"start":{"line":4,"column":22},"end":{"line":4,"column":37}},"loc":{"start":{"line":4,"column":54},"end":{"line":13,"column":null}}},"1":{"name":"getPostService","decl":{"start":{"line":15,"column":22},"end":{"line":15,"column":36}},"loc":{"start":{"line":15,"column":49},"end":{"line":21,"column":null}}},"2":{"name":"createPostService","decl":{"start":{"line":23,"column":22},"end":{"line":23,"column":39}},"loc":{"start":{"line":23,"column":51},"end":{"line":30,"column":null}}},"3":{"name":"updatePostService","decl":{"start":{"line":32,"column":22},"end":{"line":32,"column":39}},"loc":{"start":{"line":32,"column":65},"end":{"line":40,"column":null}}},"4":{"name":"deletePostService","decl":{"start":{"line":42,"column":22},"end":{"line":42,"column":39}},"loc":{"start":{"line":42,"column":52},"end":{"line":48,"column":null}}}},"branchMap":{},"s":{"0":0,"1":0,"2":0,"3":0,"4":0,"5":0,"6":0,"7":0,"8":0,"9":0,"10":0,"11":0,"12":0,"13":0,"14":0,"15":0,"16":0,"17":0,"18":0,"19":0,"20":0,"21":0,"22":0,"23":0},"f":{"0":0,"1":0,"2":0,"3":0,"4":0},"b":{}}
,"/home/jose/Documentos/projects/posts-app/api/src/services/userService.ts": {"path":"/home/jose/Documentos/projects/posts-app/api/src/services/userService.ts","statementMap":{"0":{"start":{"line":1,"column":0},"end":{"line":1,"column":45}},"1":{"start":{"line":5,"column":2},"end":{"line":13,"column":null}},"2":{"start":{"line":6,"column":4},"end":{"line":6,"column":29}},"3":{"start":{"line":7,"column":4},"end":{"line":10,"column":7}},"4":{"start":{"line":12,"column":4},"end":{"line":12,"column":23}},"5":{"start":{"line":4,"column":0},"end":{"line":4,"column":22}},"6":{"start":{"line":17,"column":2},"end":{"line":21,"column":null}},"7":{"start":{"line":18,"column":4},"end":{"line":18,"column":35}},"8":{"start":{"line":20,"column":4},"end":{"line":20,"column":23}},"9":{"start":{"line":16,"column":0},"end":{"line":16,"column":22}},"10":{"start":{"line":25,"column":2},"end":{"line":30,"column":null}},"11":{"start":{"line":26,"column":22},"end":{"line":26,"column":39}},"12":{"start":{"line":27,"column":4},"end":{"line":27,"column":21}},"13":{"start":{"line":29,"column":4},"end":{"line":29,"column":23}},"14":{"start":{"line":24,"column":0},"end":{"line":24,"column":22}},"15":{"start":{"line":34,"column":2},"end":{"line":40,"column":null}},"16":{"start":{"line":35,"column":21},"end":{"line":35,"column":74}},"17":{"start":{"line":36,"column":4},"end":{"line":36,"column":20}},"18":{"start":{"line":38,"column":4},"end":{"line":38,"column":23}},"19":{"start":{"line":39,"column":4},"end":{"line":39,"column":23}},"20":{"start":{"line":33,"column":0},"end":{"line":33,"column":22}},"21":{"start":{"line":44,"column":2},"end":{"line":48,"column":null}},"22":{"start":{"line":45,"column":4},"end":{"line":45,"column":44}},"23":{"start":{"line":47,"column":4},"end":{"line":47,"column":23}},"24":{"start":{"line":43,"column":0},"end":{"line":43,"column":22}}},"fnMap":{"0":{"name":"getUsersService","decl":{"start":{"line":4,"column":22},"end":{"line":4,"column":37}},"loc":{"start":{"line":4,"column":37},"end":{"line":14,"column":null}}},"1":{"name":"getUserService","decl":{"start":{"line":16,"column":22},"end":{"line":16,"column":36}},"loc":{"start":{"line":16,"column":49},"end":{"line":22,"column":null}}},"2":{"name":"createUserService","decl":{"start":{"line":24,"column":22},"end":{"line":24,"column":39}},"loc":{"start":{"line":24,"column":51},"end":{"line":31,"column":null}}},"3":{"name":"updateUserService","decl":{"start":{"line":33,"column":22},"end":{"line":33,"column":39}},"loc":{"start":{"line":33,"column":65},"end":{"line":41,"column":null}}},"4":{"name":"deleteUserService","decl":{"start":{"line":43,"column":22},"end":{"line":43,"column":39}},"loc":{"start":{"line":43,"column":52},"end":{"line":49,"column":null}}}},"branchMap":{},"s":{"0":0,"1":0,"2":0,"3":0,"4":0,"5":0,"6":0,"7":0,"8":0,"9":0,"10":0,"11":0,"12":0,"13":0,"14":0,"15":0,"16":0,"17":0,"18":0,"19":0,"20":0,"21":0,"22":0,"23":0,"24":0},"f":{"0":0,"1":0,"2":0,"3":0,"4":0},"b":{}}
,"/home/jose/Documentos/projects/posts-app/api/src/utils/createAdmin.ts": {"path":"/home/jose/Documentos/projects/posts-app/api/src/utils/createAdmin.ts","statementMap":{"0":{"start":{"line":1,"column":0},"end":{"line":1,"column":28}},"1":{"start":{"line":2,"column":0},"end":{"line":2,"column":45}},"2":{"start":{"line":5,"column":2},"end":{"line":22,"column":null}},"3":{"start":{"line":6,"column":22},"end":{"line":6,"column":63}},"4":{"start":{"line":7,"column":4},"end":{"line":19,"column":null}},"5":{"start":{"line":8,"column":6},"end":{"line":8,"column":13}},"6":{"start":{"line":10,"column":27},"end":{"line":10,"column":56}},"7":{"start":{"line":11,"column":27},"end":{"line":17,"column":8}},"8":{"start":{"line":18,"column":6},"end":{"line":18,"column":25}},"9":{"start":{"line":21,"column":4},"end":{"line":21,"column":23}},"10":{"start":{"line":4,"column":0},"end":{"line":4,"column":22}}},"fnMap":{"0":{"name":"createAdminUser","decl":{"start":{"line":4,"column":22},"end":{"line":4,"column":37}},"loc":{"start":{"line":4,"column":37},"end":{"line":23,"column":null}}}},"branchMap":{"0":{"loc":{"start":{"line":7,"column":4},"end":{"line":19,"column":null}},"type":"if","locations":[{"start":{"line":7,"column":4},"end":{"line":19,"column":null}},{"start":{"line":9,"column":11},"end":{"line":19,"column":null}}]}},"s":{"0":0,"1":0,"2":0,"3":0,"4":0,"5":0,"6":0,"7":0,"8":0,"9":0,"10":0},"f":{"0":0},"b":{"0":[0,0]}}
}
